<?xml version="1.0" encoding="UTF-8"?>
<!-- Generated by org.testng.reporters.JUnitReportReporter -->
<testsuite skipped="0" hostname="MACBOOKPRO" name="com.klikbca.login.Logout" tests="5" failures="0" timestamp="18 Mar 2018 02:06:27 GMT" time="4.677" errors="0">
  <testcase name="inputusername" time="0.528" classname="com.klikbca.login.Logout"/>
  <testcase name="inputpassword" time="0.483" classname="com.klikbca.login.Logout"/>
  <testcase name="buttonlogin" time="2.432" classname="com.klikbca.login.Logout"/>
  <testcase name="logout" time="1.234" classname="com.klikbca.login.Logout"/>
  <testcase name="Close" time="0.000" classname="com.klikbca.login.Logout"/>
</testsuite> <!-- com.klikbca.login.Logout -->
