<?xml version="1.0" encoding="UTF-8"?>
<!-- Generated by org.testng.reporters.JUnitReportReporter -->
<testsuite skipped="0" hostname="MACBOOKPRO" name="com.klikbca.administrasi.GantiPin" tests="9" failures="0" timestamp="18 Mar 2018 13:54:32 GMT" time="8.533" errors="0">
  <testcase name="inputusername" time="0.537" classname="com.klikbca.administrasi.GantiPin"/>
  <testcase name="inputpassword" time="0.479" classname="com.klikbca.administrasi.GantiPin"/>
  <testcase name="buttonlogin" time="3.094" classname="com.klikbca.administrasi.GantiPin"/>
  <testcase name="KlikAdministrasi" time="1.179" classname="com.klikbca.administrasi.GantiPin"/>
  <testcase name="KlikGantiPin" time="0.856" classname="com.klikbca.administrasi.GantiPin"/>
  <testcase name="inputpinlama" time="0.528" classname="com.klikbca.administrasi.GantiPin"/>
  <testcase name="inputpinbaru" time="0.447" classname="com.klikbca.administrasi.GantiPin"/>
  <testcase name="inputpinbaruConfirm" time="0.438" classname="com.klikbca.administrasi.GantiPin"/>
  <testcase name="submit" time="0.975" classname="com.klikbca.administrasi.GantiPin"/>
</testsuite> <!-- com.klikbca.administrasi.GantiPin -->
