<?xml version="1.0" encoding="UTF-8"?>
<!-- Generated by org.testng.reporters.JUnitReportReporter -->
<testsuite skipped="0" hostname="MACBOOKPRO" name="com.klikbca.historitransaksi.TahunSebelumnyaSemuaTransaksi" tests="6" failures="0" timestamp="18 Mar 2018 02:13:38 GMT" time="5.574" errors="0">
  <testcase name="inputusername" time="0.639" classname="com.klikbca.historitransaksi.TahunSebelumnyaSemuaTransaksi"/>
  <testcase name="inputpassword" time="0.497" classname="com.klikbca.historitransaksi.TahunSebelumnyaSemuaTransaksi"/>
  <testcase name="buttonlogin" time="2.371" classname="com.klikbca.historitransaksi.TahunSebelumnyaSemuaTransaksi"/>
  <testcase name="KlikHistoriTransaksi" time="1.012" classname="com.klikbca.historitransaksi.TahunSebelumnyaSemuaTransaksi"/>
  <testcase name="ButtonOK" time="1.053" classname="com.klikbca.historitransaksi.TahunSebelumnyaSemuaTransaksi"/>
  <testcase name="Close" time="0.002" classname="com.klikbca.historitransaksi.TahunSebelumnyaSemuaTransaksi"/>
</testsuite> <!-- com.klikbca.historitransaksi.TahunSebelumnyaSemuaTransaksi -->
