<?xml version="1.0" encoding="UTF-8"?>
<!-- Generated by org.testng.reporters.JUnitReportReporter -->
<testsuite skipped="0" hostname="MACBOOKPRO" name="com.klikbca.login.LoginSukses" tests="4" failures="0" timestamp="18 Mar 2018 02:59:54 GMT" time="4.544" errors="0">
  <testcase name="inputusername" time="0.559" classname="com.klikbca.login.LoginSukses"/>
  <testcase name="inputpassword" time="0.464" classname="com.klikbca.login.LoginSukses"/>
  <testcase name="buttonlogin" time="2.312" classname="com.klikbca.login.LoginSukses"/>
  <testcase name="logout" time="1.209" classname="com.klikbca.login.LoginSukses"/>
</testsuite> <!-- com.klikbca.login.LoginSukses -->
